<?xml version="1.0" encoding="UTF-8"?>
<testsuite name="login" tests="1" skipped="0" failures="1" errors="0" timestamp="2022-10-25T01:45:49" hostname="GS-0027" time="0.522">
  <properties/>
  <testcase name="login successful" classname="login" time="0.522">
    <failure message="io.cucumber.junit.UndefinedStepException: The step &quot;camila is a swaglabs user and wants to log in&quot; is undefined. You can implement it using the snippet(s) below:&#10;&#10;@Given(&quot;camila is a swaglabs user and wants to log in&quot;)&#10;public void camilaIsASwaglabsUserAndWantsToLogIn() {&#10;    // Write code here that turns the phrase above into concrete actions&#10;    throw new io.cucumber.java.PendingException();&#10;}&#10;&#10;&#10;Some other steps were also undefined:&#10;&#10;@When(&quot;We send the information required for the login&quot;)&#10;public void weSendTheInformationRequiredForTheLogin() {&#10;    // Write code here that turns the phrase above into concrete actions&#10;    throw new io.cucumber.java.PendingException();&#10;}&#10;@Then(&quot;he user obtain a token&quot;)&#10;public void heUserObtainAToken() {&#10;    // Write code here that turns the phrase above into concrete actions&#10;    throw new io.cucumber.java.PendingException();&#10;}&#10;" type="io.cucumber.junit.UndefinedStepException">io.cucumber.junit.UndefinedStepException: The step &quot;camila is a swaglabs user and wants to log in&quot; is undefined. You can implement it using the snippet(s) below:

@Given(&quot;camila is a swaglabs user and wants to log in&quot;)
public void camilaIsASwaglabsUserAndWantsToLogIn() {
    // Write code here that turns the phrase above into concrete actions
    throw new io.cucumber.java.PendingException();
}


Some other steps were also undefined:

@When(&quot;We send the information required for the login&quot;)
public void weSendTheInformationRequiredForTheLogin() {
    // Write code here that turns the phrase above into concrete actions
    throw new io.cucumber.java.PendingException();
}
@Then(&quot;he user obtain a token&quot;)
public void heUserObtainAToken() {
    // Write code here that turns the phrase above into concrete actions
    throw new io.cucumber.java.PendingException();
}

</failure>
  </testcase>
  <system-out><![CDATA[]]></system-out>
  <system-err><![CDATA[[Test worker] INFO io.cucumber.core.plugin.SerenityReporter - Running feature from file:///C:/Projects/ResResScreen2/src/test/resources/features/login.feature
[Test worker] WARN io.cucumber.core.plugin.SerenityReporter - Feature from file:///C:/Projects/ResResScreen2/src/test/resources/features/login.feature is not under the 'features' directory. Requirements report will not be correctly generated!
[Test worker] INFO  - 
 _____ _____ ____ _____   ____ _____  _    ____ _____ _____ ____  
|_   _| ____/ ___|_   _| / ___|_   _|/ \  |  _ \_   _| ____|  _ \ 
  | | |  _| \___ \ | |   \___ \ | | / _ \ | |_) || | |  _| | | | |
  | | | |___ ___) || |    ___) || |/ ___ \|  _ < | | | |___| |_| |
  |_| |_____|____/ |_|   |____/ |_/_/   \_\_| \_\|_| |_____|____/ 

login successful(login;login-successful)
-------------------------------------------------------------------
[Test worker] INFO  - 
          __  _____ _____ ____ _____   ____  _____ _   _ ____ ___ _   _  ____ 
 _       / / |_   _| ____/ ___|_   _| |  _ \| ____| \ | |  _ \_ _| \ | |/ ___|
(_)____ / /    | | |  _| \___ \ | |   | |_) |  _| |  \| | | | | ||  \| | |  _ 
 |_____/ /     | | | |___ ___) || |   |  __/| |___| |\  | |_| | || |\  | |_| |
(_)   /_/      |_| |_____|____/ |_|   |_|   |_____|_| \_|____/___|_| \_|\____|

login successful
-------------------------------------------------------------------------------
]]></system-err>
</testsuite>
