<?xml version="1.0" encoding="UTF-8"?>
<testsuite name="Resreq_conduit_test" tests="1" skipped="0" failures="0" errors="0" timestamp="2022-10-26T14:03:48" hostname="GS-0027" time="4.258">
  <properties/>
  <testcase name="loginconduit" classname="Resreq_conduit_test" time="4.258"/>
  <system-out><![CDATA[{"user":{"email":"maob13@yopmail.com","password":"1234"}}
Request method:	POST
Request URI:	https://api.realworld.io/api/users/login
Proxy:			<none>
Request params:	<none>
Query params:	<none>
Form params:	<none>
Path params:	<none>
Headers:		Accept=*/*
				Content-Type=application/json; charset=UTF-8
Cookies:		<none>
Multiparts:		<none>
Body:
{
    "user": {
        "email": "maob13@yopmail.com",
        "password": "1234"
    }
}
HTTP/1.1 200 OK
Date: Wed, 26 Oct 2022 14:03:51 GMT
Content-Type: application/json; charset=utf-8
Transfer-Encoding: chunked
Connection: keep-alive
X-Powered-By: Express
Access-Control-Allow-Origin: *
Etag: W/"166-2VKkxGAUpHOQfgYsMctThTCuXcg"
Via: 1.1 vegur
CF-Cache-Status: DYNAMIC
Report-To: {"endpoints":[{"url":"https:\/\/a.nel.cloudflare.com\/report\/v3?s=V6bJ7EVQ3Sw0RIZlffTmkprNqeHeogVUVdwugkeNkMJTcX6tz7iILteWbhBPzT3WBLPn8UpTQ2Th3f%2BwyW0h1wYO5G%2FX0PuFU1poPifMk1uy3LsYfvaAd%2BcSnYuvEK4U1H%2Bl"}],"group":"cf-nel","max_age":604800}
NEL: {"success_fraction":0,"report_to":"cf-nel","max_age":604800}
Server: cloudflare
CF-RAY: 7603bce09f50db29-MIA
Content-Encoding: gzip
alt-svc: h3=":443"; ma=86400, h3-29=":443"; ma=86400

{
    "user": {
        "email": "maob13@yopmail.com",
        "username": "mauriciobuitrago",
        "bio": null,
        "image": "https://api.realworld.io/images/smiley-cyrus.jpeg",
        "token": "eyJhbGciOiJIUzI1NiIsInR5cCI6IkpXVCJ9.eyJlbWFpbCI6Im1hb2IxM0B5b3BtYWlsLmNvbSIsInVzZXJuYW1lIjoibWF1cmljaW9idWl0cmFnbyIsImlhdCI6MTY2Njc5MzAzMSwiZXhwIjoxNjcxOTc3MDMxfQ.dsGCsA26YxRdHPUvEOqnQ0o6PYVMZiQM8kQLA7DtN4I"
    }
}
]]></system-out>
  <system-err><![CDATA[]]></system-err>
</testsuite>
